<?xml version="1.0" encoding="UTF-8"?>
<TestRun id="8b1d4669-e6c9-468b-8932-2168f28ac36e" name="TMacBlane@FIREFLY 2012-09-30 21:13:11" runUser="Firefly\TMacBlane" xmlns="http://microsoft.com/schemas/VisualStudio/TeamTest/2010">
  <TestSettings name="Default Test Settings" id="a22868be-68a0-4aaf-932f-d96c3eeab7cf">
    <Deployment userDeploymentRoot="C:\Users\TMacBlane\Documents\DevelopmentProjects\PornCantina\TestResults" useDefaultDeploymentRoot="false" runDeploymentRoot="TMacBlane_FIREFLY 2012-09-30 21_13_11">
      <DeploymentItem filename="C:\Users\TMacBlane\Documents\DevelopmentProjects\AutomationFramework\bin\Debug\AutomationFramework.dll" />
      <DeploymentItem filename="C:\Users\TMacBlane\Documents\DevelopmentProjects\PornCantina\packages\Microsoft.AspNet.WebPages.2.0.20710.0\lib\net40\System.Web.WebPages.Deployment.dll" />
      <DeploymentItem filename="C:\Users\TMacBlane\Documents\DevelopmentProjects\PornCantina\packages\Microsoft.AspNet.Mvc.4.0.20505.0\lib\net40\System.Web.Mvc.dll" />
      <DeploymentItem filename="C:\Users\TMacBlane\Documents\DevelopmentProjects\PornCantina.UIAutomation\bin\Debug\WebDriver.Support.dll" />
      <DeploymentItem filename="C:\Users\TMacBlane\Documents\DevelopmentProjects\PornCantina\PornCantina\bin\PornCantina.dll" />
      <DeploymentItem filename="C:\Users\TMacBlane\Documents\DevelopmentProjects\PornCantina\packages\Microsoft.AspNet.WebPages.2.0.20710.0\lib\net40\System.Web.Helpers.dll" />
      <DeploymentItem filename="C:\Users\TMacBlane\Documents\DevelopmentProjects\PornCantina.UIAutomation\bin\Debug\WebDriver.dll" />
      <DeploymentItem filename="C:\Users\TMacBlane\Documents\DevelopmentProjects\PornCantina\packages\Microsoft.AspNet.WebPages.2.0.20710.0\lib\net40\System.Web.WebPages.dll" />
      <DeploymentItem filename="C:\Users\TMacBlane\Documents\DevelopmentProjects\PornCantina\packages\Microsoft.Web.Infrastructure.1.0.0.0\lib\net40\Microsoft.Web.Infrastructure.dll" />
      <DeploymentItem filename="C:\Users\TMacBlane\Documents\DevelopmentProjects\PornCantina\packages\Microsoft.AspNet.WebPages.2.0.20710.0\lib\net40\System.Web.WebPages.Razor.dll" />
      <DeploymentItem filename="C:\Users\TMacBlane\Documents\DevelopmentProjects\PornCantina.UIAutomation\bin\Debug\Ionic.Zip.dll" />
      <DeploymentItem filename="C:\Users\TMacBlane\Documents\DevelopmentProjects\PornCantina\packages\Microsoft.AspNet.Razor.2.0.20710.0\lib\net40\System.Web.Razor.dll" />
      <DeploymentItem filename="C:\Users\TMacBlane\Documents\DevelopmentProjects\PornCantina.UIAutomation\bin\Debug\TechTalk.SpecFlow.dll" />
      <DeploymentItem filename="C:\Users\TMacBlane\Documents\DevelopmentProjects\PornCantina.UIAutomation\bin\Debug\Castle.Core.dll" />
      <DeploymentItem filename="C:\Users\TMacBlane\Documents\DevelopmentProjects\PornCantina.UIAutomation\bin\Debug\Newtonsoft.Json.dll" />
    </Deployment>
    <Execution>
      <TestTypeSpecific />
      <AgentRule name="Execution Agents">
      </AgentRule>
    </Execution>
  </TestSettings>
  <Times creation="2012-09-30T21:13:11.0872000-04:00" queuing="2012-09-30T21:13:11.5568000-04:00" start="2012-09-30T21:13:11.5568000-04:00" finish="2012-09-30T21:15:21.6200000-04:00" />
  <ResultSummary outcome="Failed">
    <Counters total="3" executed="3" error="0" failed="3" timeout="0" aborted="0" inconclusive="0" passedButRunAborted="0" notRunnable="0" notExecuted="0" disconnected="0" warning="0" passed="0" completed="0" inProgress="0" pending="0" />
  </ResultSummary>
  <TestDefinitions>
    <UnitTest name="PopulatePinkVelvetVaultGalleries_RadiantDesire_Com" storage="c:\users\tmacblane\documents\developmentprojects\porncantina.uiautomation\bin\debug\porncantina.uiautomation.dll" id="6ab30983-7e28-5632-d87f-2957844134d4">
      <Description>Populate PinkVelvetVault Galleries</Description>
      <Execution id="08cfb871-aab3-4667-8010-ec61527faa4a" />
      <Properties>
        <Property>
          <Key>FeatureTitle</Key>
          <Value>PinkVelvetVault</Value>
        </Property>
        <Property>
          <Key>VariantName</Key>
          <Value>RadiantDesire.com</Value>
        </Property>
        <Property>
          <Key>Parameter:site</Key>
          <Value>RadiantDesire.com</Value>
        </Property>
        <Property>
          <Key>Parameter:modelName</Key>
          <Value>Radiant Desire</Value>
        </Property>
      </Properties>
      <TestMethod codeBase="C:/Users/TMacBlane/Documents/DevelopmentProjects/PornCantina.UIAutomation/bin/Debug/PornCantina.UIAutomation.DLL" adapterTypeName="Microsoft.VisualStudio.TestTools.TestTypes.Unit.UnitTestAdapter, Microsoft.VisualStudio.QualityTools.Tips.UnitTest.Adapter, Version=10.0.0.0, Culture=neutral, PublicKeyToken=b03f5f7f11d50a3a" className="PornCantina.UIAutomation.Scenarios.PinkVelvetVaultFeature, PornCantina.UIAutomation, Version=1.0.0.0, Culture=neutral, PublicKeyToken=null" name="PopulatePinkVelvetVaultGalleries_RadiantDesire_Com" />
    </UnitTest>
    <UnitTest name="PopulateZellysCashGalleries_BluEyedCass" storage="c:\users\tmacblane\documents\developmentprojects\porncantina.uiautomation\bin\debug\porncantina.uiautomation.dll" id="d4651545-402e-63fd-5727-2f619b78f07c">
      <Description>Populate ZellysCash Galleries</Description>
      <Execution id="f19c3843-7cdc-45d7-90e9-d68e6fc4ff09" />
      <Properties>
        <Property>
          <Key>FeatureTitle</Key>
          <Value>ZellysCash</Value>
        </Property>
        <Property>
          <Key>VariantName</Key>
          <Value>BluEyedCass</Value>
        </Property>
        <Property>
          <Key>Parameter:modelName</Key>
          <Value>BluEyedCass</Value>
        </Property>
      </Properties>
      <TestMethod codeBase="C:/Users/TMacBlane/Documents/DevelopmentProjects/PornCantina.UIAutomation/bin/Debug/PornCantina.UIAutomation.DLL" adapterTypeName="Microsoft.VisualStudio.TestTools.TestTypes.Unit.UnitTestAdapter, Microsoft.VisualStudio.QualityTools.Tips.UnitTest.Adapter, Version=10.0.0.0, Culture=neutral, PublicKeyToken=b03f5f7f11d50a3a" className="PornCantina.UIAutomation.Scenarios.ZellysCashFeature, PornCantina.UIAutomation, Version=1.0.0.0, Culture=neutral, PublicKeyToken=null" name="PopulateZellysCashGalleries_BluEyedCass" />
    </UnitTest>
    <UnitTest name="PopulateZellysCashGalleries_MelissaXoXo" storage="c:\users\tmacblane\documents\developmentprojects\porncantina.uiautomation\bin\debug\porncantina.uiautomation.dll" id="3244bd33-62ad-5b0c-a0f8-17623bcb7156">
      <Description>Populate ZellysCash Galleries</Description>
      <Execution id="265ec690-0bbe-470d-b519-2be37fd959db" />
      <Properties>
        <Property>
          <Key>FeatureTitle</Key>
          <Value>ZellysCash</Value>
        </Property>
        <Property>
          <Key>VariantName</Key>
          <Value>Melissa XoXo</Value>
        </Property>
        <Property>
          <Key>Parameter:modelName</Key>
          <Value>Melissa XoXo</Value>
        </Property>
      </Properties>
      <TestMethod codeBase="C:/Users/TMacBlane/Documents/DevelopmentProjects/PornCantina.UIAutomation/bin/Debug/PornCantina.UIAutomation.DLL" adapterTypeName="Microsoft.VisualStudio.TestTools.TestTypes.Unit.UnitTestAdapter, Microsoft.VisualStudio.QualityTools.Tips.UnitTest.Adapter, Version=10.0.0.0, Culture=neutral, PublicKeyToken=b03f5f7f11d50a3a" className="PornCantina.UIAutomation.Scenarios.ZellysCashFeature, PornCantina.UIAutomation, Version=1.0.0.0, Culture=neutral, PublicKeyToken=null" name="PopulateZellysCashGalleries_MelissaXoXo" />
    </UnitTest>
  </TestDefinitions>
  <TestLists>
    <TestList name="Results Not in a List" id="8c84fa94-04c1-424b-9868-57a2d4851a1d" />
    <TestList name="All Loaded Results" id="19431567-8539-422a-85d7-44ee4e166bda" />
  </TestLists>
  <TestEntries>
    <TestEntry testId="d4651545-402e-63fd-5727-2f619b78f07c" executionId="f19c3843-7cdc-45d7-90e9-d68e6fc4ff09" testListId="8c84fa94-04c1-424b-9868-57a2d4851a1d" />
    <TestEntry testId="6ab30983-7e28-5632-d87f-2957844134d4" executionId="08cfb871-aab3-4667-8010-ec61527faa4a" testListId="8c84fa94-04c1-424b-9868-57a2d4851a1d" />
    <TestEntry testId="3244bd33-62ad-5b0c-a0f8-17623bcb7156" executionId="265ec690-0bbe-470d-b519-2be37fd959db" testListId="8c84fa94-04c1-424b-9868-57a2d4851a1d" />
  </TestEntries>
  <Results>
    <UnitTestResult executionId="f19c3843-7cdc-45d7-90e9-d68e6fc4ff09" testId="d4651545-402e-63fd-5727-2f619b78f07c" testName="PopulateZellysCashGalleries_BluEyedCass" computerName="FIREFLY" duration="00:01:04.3764093" startTime="2012-09-30T21:13:11.6036000-04:00" endTime="2012-09-30T21:14:16.4392000-04:00" testType="13cdc9d9-ddb5-4fa4-a97d-d965ccfc6d4b" outcome="Failed" testListId="8c84fa94-04c1-424b-9868-57a2d4851a1d" relativeResultsDirectory="f19c3843-7cdc-45d7-90e9-d68e6fc4ff09">
      <Output>
        <StdOut>Given I open the zellyscash page
-&gt; done: StepDefinitions.GivenIOpenTheSpecifiedPage("zellyscash") (4.7s)
Then I should be on the zellyscash page
-&gt; done: StepDefinitions.IShouldBeOnTheSpecifiedPage("zellyscash") (0.1s)
When I select the BluEyedCass zellyscash paysite
-&gt; done: ZellysCashStepDefinitions.WhenISelectTheSpecifiedZellysPaysite("BluEyedCass") (0.1s)
Then I should see the BluEyedCass zellyscash hosted galleries
-&gt; done: ZellysCashStepDefinitions.ThenIShouldSeeTheSpecifiedZellysHostedGalleries("BluEyedCass") (3.1s)
And I should create any new BluEyedCass zellyscash galleries
-&gt; error: Unable to locate element: {"method":"xpath","selector":"//form[2]/table/tbody/tr[2]/td/table/tbody/tr[172]/td[3]"}</StdOut>
        <ErrorInfo>
          <Message>Test method PornCantina.UIAutomation.Scenarios.ZellysCashFeature.PopulateZellysCashGalleries_BluEyedCass threw exception: 
OpenQA.Selenium.NoSuchElementException: Unable to locate element: {"method":"xpath","selector":"//form[2]/table/tbody/tr[2]/td/table/tbody/tr[172]/td[3]"}</Message>
          <StackTrace>    at OpenQA.Selenium.Remote.RemoteWebDriver.UnpackAndThrowOnError(Response errorResponse)
   at OpenQA.Selenium.Remote.RemoteWebDriver.Execute(String driverCommandToExecute, Dictionary`2 parameters)
   at OpenQA.Selenium.Remote.RemoteWebDriver.FindElement(String mechanism, String value)
   at OpenQA.Selenium.Remote.RemoteWebDriver.FindElementByXPath(String xpath)
   at OpenQA.Selenium.By.&lt;&gt;c__DisplayClasse.&lt;XPath&gt;b__c(ISearchContext context)
   at OpenQA.Selenium.By.FindElement(ISearchContext context)
   at OpenQA.Selenium.Remote.RemoteWebDriver.FindElement(By by)
   at AutomationFramework.BrowserHelper.GetElementByXPath(IWebDriver driver, String locator, String additionalLocatorPath) in C:\Users\TMacBlane\documents\visual studio 2010\Projects\PornCantina\AutomationFramework\Classes\BrowserHelper.cs:line 106
   at AutomationFramework.BrowserHelper.GetElement(IWebDriver driver, String locator, String additionalLocatorPath) in C:\Users\TMacBlane\documents\visual studio 2010\Projects\PornCantina\AutomationFramework\Classes\BrowserHelper.cs:line 25
   at AutomationFramework.WebBrowser.GetText(String locator, String additionalLocatorPath) in C:\Users\TMacBlane\documents\visual studio 2010\Projects\PornCantina\AutomationFramework\Classes\WebBrowser.cs:line 154
   at AutomationFramework.PageElementExtensions.GetText(IPageElement element, String additionalLocator) in C:\Users\TMacBlane\documents\visual studio 2010\Projects\PornCantina\AutomationFramework\Classes\PageElementExtensions.cs:line 76
   at PornCantina.UIAutomation.StepDefinitions.ZellysCashStepDefinitions.ThenIShouldCreateAnyNewModelNameZellysGalleries(String modelName) in C:\Users\TMacBlane\Documents\DevelopmentProjects\PornCantina.UIAutomation\StepDefinitions\ZellysCashStepDefinitions.cs:line 120
   at lambda_method(Closure , IContextManager , String )
   at TechTalk.SpecFlow.Bindings.MethodBinding.InvokeAction(IContextManager contextManager, Object[] arguments, ITestTracer testTracer, TimeSpan&amp; duration)
   at TechTalk.SpecFlow.Bindings.StepDefinitionBinding.Invoke(IContextManager contextManager, ITestTracer testTracer, Object[] arguments, TimeSpan&amp; duration)
   at TechTalk.SpecFlow.Infrastructure.TestExecutionEngine.ExecuteStepMatch(BindingMatch match, Object[] arguments)
   at TechTalk.SpecFlow.Infrastructure.TestExecutionEngine.ExecuteStep(StepArgs stepArgs)
   at TechTalk.SpecFlow.Infrastructure.TestExecutionEngine.OnAfterLastStep()
   at TechTalk.SpecFlow.TestRunner.CollectScenarioErrors()
   at PornCantina.UIAutomation.Scenarios.ZellysCashFeature.ScenarioCleanup() in C:\Users\TMacBlane\Documents\DevelopmentProjects\PornCantina.UIAutomation\Scenarios\ZellysCash.feature.cs:line 0
   at PornCantina.UIAutomation.Scenarios.ZellysCashFeature.PopulateZellysCashGalleries(String modelName, String[] exampleTags) in c:\Users\TMacBlane\Documents\DevelopmentProjects\PornCantina.UIAutomation\Scenarios\ZellysCash.feature:line 10
   at PornCantina.UIAutomation.Scenarios.ZellysCashFeature.PopulateZellysCashGalleries_BluEyedCass() in C:\Users\TMacBlane\Documents\DevelopmentProjects\PornCantina.UIAutomation\Scenarios\ZellysCash.feature.cs:line 0
</StackTrace>
        </ErrorInfo>
      </Output>
    </UnitTestResult>
    <UnitTestResult executionId="08cfb871-aab3-4667-8010-ec61527faa4a" testId="6ab30983-7e28-5632-d87f-2957844134d4" testName="PopulatePinkVelvetVaultGalleries_RadiantDesire_Com" computerName="FIREFLY" duration="00:00:16.3281838" startTime="2012-09-30T21:14:16.4392000-04:00" endTime="2012-09-30T21:14:32.7744000-04:00" testType="13cdc9d9-ddb5-4fa4-a97d-d965ccfc6d4b" outcome="Failed" testListId="8c84fa94-04c1-424b-9868-57a2d4851a1d" relativeResultsDirectory="08cfb871-aab3-4667-8010-ec61527faa4a">
      <Output>
        <StdOut>Given I open the pinkvelvet page
-&gt; done: StepDefinitions.GivenIOpenTheSpecifiedPage("pinkvelvet") (2.6s)
Then I should be on the pinkvelvet page
-&gt; done: StepDefinitions.IShouldBeOnTheSpecifiedPage("pinkvelvet") (0.1s)
When I enter the PinkVelvetVault ccbill id
-&gt; done: HostedGalleriesManagerStepDefinitions.WhenIEnterTheSpecifiedCcbillId("PinkVelvetVault") (0.1s)
And I select RadiantDesire.com from the site dropdown list
-&gt; done: HostedGalleriesManagerStepDefinitions.WhenISelectTheModelNameFromTheSiteDropdownList("RadiantDesire.com") (0.7s)
And I select the Past Week date range
-&gt; done: HostedGalleriesManagerStepDefinitions.WhenISelectTheDateRangeDateRange("Past Week") (0.1s)
And I select the type of Pics
-&gt; done: HostedGalleriesManagerStepDefinitions.WhenISelectTheSpecifiedType("Pics") (0.2s)
And I select to display All galleries per page
-&gt; done: HostedGalleriesManagerStepDefinitions.WhenISelectToDisplaySpecifiedNumberOfGalleriesPerPage("All") (0.1s)
And I click the generate button
-&gt; done: HostedGalleriesManagerStepDefinitions.WhenIClickTheGenerateButton() (0.5s)
Then I should see the populated list of galleries
-&gt; done: HostedGalleriesManagerStepDefinitions.ThenIShouldSeeThePopulatedListOfGalleries() (0.0s)
And I should create any new Radiant Desire pinkvelvetvault galleries
-&gt; error: Unable to locate element: {"method":"xpath","selector":"//tr[7]/td/table/tbody/tr/td[2]/span"}</StdOut>
        <ErrorInfo>
          <Message>Test method PornCantina.UIAutomation.Scenarios.PinkVelvetVaultFeature.PopulatePinkVelvetVaultGalleries_RadiantDesire_Com threw exception: 
OpenQA.Selenium.NoSuchElementException: Unable to locate element: {"method":"xpath","selector":"//tr[7]/td/table/tbody/tr/td[2]/span"}</Message>
          <StackTrace>    at OpenQA.Selenium.Remote.RemoteWebDriver.UnpackAndThrowOnError(Response errorResponse)
   at OpenQA.Selenium.Remote.RemoteWebDriver.Execute(String driverCommandToExecute, Dictionary`2 parameters)
   at OpenQA.Selenium.Remote.RemoteWebDriver.FindElement(String mechanism, String value)
   at OpenQA.Selenium.Remote.RemoteWebDriver.FindElementByXPath(String xpath)
   at OpenQA.Selenium.By.&lt;&gt;c__DisplayClasse.&lt;XPath&gt;b__c(ISearchContext context)
   at OpenQA.Selenium.By.FindElement(ISearchContext context)
   at OpenQA.Selenium.Remote.RemoteWebDriver.FindElement(By by)
   at AutomationFramework.BrowserHelper.GetElementByXPath(IWebDriver driver, String locator, String additionalLocatorPath) in C:\Users\TMacBlane\documents\visual studio 2010\Projects\PornCantina\AutomationFramework\Classes\BrowserHelper.cs:line 106
   at AutomationFramework.BrowserHelper.GetElement(IWebDriver driver, String locator, String additionalLocatorPath) in C:\Users\TMacBlane\documents\visual studio 2010\Projects\PornCantina\AutomationFramework\Classes\BrowserHelper.cs:line 25
   at AutomationFramework.WebBrowser.GetText(String locator, String additionalLocatorPath) in C:\Users\TMacBlane\documents\visual studio 2010\Projects\PornCantina\AutomationFramework\Classes\WebBrowser.cs:line 154
   at AutomationFramework.PageElementExtensions.GetText(IPageElement element, String additionalLocator) in C:\Users\TMacBlane\documents\visual studio 2010\Projects\PornCantina\AutomationFramework\Classes\PageElementExtensions.cs:line 76
   at PornCantina.UIAutomation.StepDefinitions.PinkVelvetVaultStepDefinitions.ThenIShouldCreateAnyNewModelNamePinkvelvetvaultGalleries(String modelName) in C:\Users\TMacBlane\Documents\DevelopmentProjects\PornCantina.UIAutomation\StepDefinitions\PinkVelvetVaultStepDefinitions.cs:line 36
   at lambda_method(Closure , IContextManager , String )
   at TechTalk.SpecFlow.Bindings.MethodBinding.InvokeAction(IContextManager contextManager, Object[] arguments, ITestTracer testTracer, TimeSpan&amp; duration)
   at TechTalk.SpecFlow.Bindings.StepDefinitionBinding.Invoke(IContextManager contextManager, ITestTracer testTracer, Object[] arguments, TimeSpan&amp; duration)
   at TechTalk.SpecFlow.Infrastructure.TestExecutionEngine.ExecuteStepMatch(BindingMatch match, Object[] arguments)
   at TechTalk.SpecFlow.Infrastructure.TestExecutionEngine.ExecuteStep(StepArgs stepArgs)
   at TechTalk.SpecFlow.Infrastructure.TestExecutionEngine.OnAfterLastStep()
   at TechTalk.SpecFlow.TestRunner.CollectScenarioErrors()
   at PornCantina.UIAutomation.Scenarios.PinkVelvetVaultFeature.ScenarioCleanup() in C:\Users\TMacBlane\Documents\DevelopmentProjects\PornCantina.UIAutomation\Scenarios\PinkVelvetVault.feature.cs:line 0
   at PornCantina.UIAutomation.Scenarios.PinkVelvetVaultFeature.PopulatePinkVelvetVaultGalleries(String site, String modelName, String[] exampleTags) in c:\Users\TMacBlane\Documents\DevelopmentProjects\PornCantina.UIAutomation\Scenarios\PinkVelvetVault.feature:line 15
   at PornCantina.UIAutomation.Scenarios.PinkVelvetVaultFeature.PopulatePinkVelvetVaultGalleries_RadiantDesire_Com() in C:\Users\TMacBlane\Documents\DevelopmentProjects\PornCantina.UIAutomation\Scenarios\PinkVelvetVault.feature.cs:line 0
</StackTrace>
        </ErrorInfo>
      </Output>
    </UnitTestResult>
    <UnitTestResult executionId="265ec690-0bbe-470d-b519-2be37fd959db" testId="3244bd33-62ad-5b0c-a0f8-17623bcb7156" testName="PopulateZellysCashGalleries_MelissaXoXo" computerName="FIREFLY" duration="00:00:47.1275502" startTime="2012-09-30T21:14:32.7744000-04:00" endTime="2012-09-30T21:15:19.9040000-04:00" testType="13cdc9d9-ddb5-4fa4-a97d-d965ccfc6d4b" outcome="Failed" testListId="8c84fa94-04c1-424b-9868-57a2d4851a1d" relativeResultsDirectory="265ec690-0bbe-470d-b519-2be37fd959db">
      <Output>
        <StdOut>Given I open the zellyscash page
-&gt; done: StepDefinitions.GivenIOpenTheSpecifiedPage("zellyscash") (4.4s)
Then I should be on the zellyscash page
-&gt; done: StepDefinitions.IShouldBeOnTheSpecifiedPage("zellyscash") (0.0s)
When I select the Melissa XoXo zellyscash paysite
-&gt; done: ZellysCashStepDefinitions.WhenISelectTheSpecifiedZellysPaysite("Melissa XoXo") (2.2s)
Then I should see the Melissa XoXo zellyscash hosted galleries
-&gt; done: ZellysCashStepDefinitions.ThenIShouldSeeTheSpecifiedZellysHostedGalleries("Melissa XoXo") (0.0s)
And I should create any new Melissa XoXo zellyscash galleries
-&gt; error: Unable to locate element: {"method":"xpath","selector":"//form[2]/table/tbody/tr[2]/td/table/tbody/tr[120]/td[3]"}</StdOut>
        <ErrorInfo>
          <Message>Test method PornCantina.UIAutomation.Scenarios.ZellysCashFeature.PopulateZellysCashGalleries_MelissaXoXo threw exception: 
OpenQA.Selenium.NoSuchElementException: Unable to locate element: {"method":"xpath","selector":"//form[2]/table/tbody/tr[2]/td/table/tbody/tr[120]/td[3]"}</Message>
          <StackTrace>    at OpenQA.Selenium.Remote.RemoteWebDriver.UnpackAndThrowOnError(Response errorResponse)
   at OpenQA.Selenium.Remote.RemoteWebDriver.Execute(String driverCommandToExecute, Dictionary`2 parameters)
   at OpenQA.Selenium.Remote.RemoteWebDriver.FindElement(String mechanism, String value)
   at OpenQA.Selenium.Remote.RemoteWebDriver.FindElementByXPath(String xpath)
   at OpenQA.Selenium.By.&lt;&gt;c__DisplayClasse.&lt;XPath&gt;b__c(ISearchContext context)
   at OpenQA.Selenium.By.FindElement(ISearchContext context)
   at OpenQA.Selenium.Remote.RemoteWebDriver.FindElement(By by)
   at AutomationFramework.BrowserHelper.GetElementByXPath(IWebDriver driver, String locator, String additionalLocatorPath) in C:\Users\TMacBlane\documents\visual studio 2010\Projects\PornCantina\AutomationFramework\Classes\BrowserHelper.cs:line 106
   at AutomationFramework.BrowserHelper.GetElement(IWebDriver driver, String locator, String additionalLocatorPath) in C:\Users\TMacBlane\documents\visual studio 2010\Projects\PornCantina\AutomationFramework\Classes\BrowserHelper.cs:line 25
   at AutomationFramework.WebBrowser.GetText(String locator, String additionalLocatorPath) in C:\Users\TMacBlane\documents\visual studio 2010\Projects\PornCantina\AutomationFramework\Classes\WebBrowser.cs:line 154
   at AutomationFramework.PageElementExtensions.GetText(IPageElement element, String additionalLocator) in C:\Users\TMacBlane\documents\visual studio 2010\Projects\PornCantina\AutomationFramework\Classes\PageElementExtensions.cs:line 76
   at PornCantina.UIAutomation.StepDefinitions.ZellysCashStepDefinitions.ThenIShouldCreateAnyNewModelNameZellysGalleries(String modelName) in C:\Users\TMacBlane\Documents\DevelopmentProjects\PornCantina.UIAutomation\StepDefinitions\ZellysCashStepDefinitions.cs:line 120
   at lambda_method(Closure , IContextManager , String )
   at TechTalk.SpecFlow.Bindings.MethodBinding.InvokeAction(IContextManager contextManager, Object[] arguments, ITestTracer testTracer, TimeSpan&amp; duration)
   at TechTalk.SpecFlow.Bindings.StepDefinitionBinding.Invoke(IContextManager contextManager, ITestTracer testTracer, Object[] arguments, TimeSpan&amp; duration)
   at TechTalk.SpecFlow.Infrastructure.TestExecutionEngine.ExecuteStepMatch(BindingMatch match, Object[] arguments)
   at TechTalk.SpecFlow.Infrastructure.TestExecutionEngine.ExecuteStep(StepArgs stepArgs)
   at TechTalk.SpecFlow.Infrastructure.TestExecutionEngine.OnAfterLastStep()
   at TechTalk.SpecFlow.TestRunner.CollectScenarioErrors()
   at PornCantina.UIAutomation.Scenarios.ZellysCashFeature.ScenarioCleanup() in C:\Users\TMacBlane\Documents\DevelopmentProjects\PornCantina.UIAutomation\Scenarios\ZellysCash.feature.cs:line 0
   at PornCantina.UIAutomation.Scenarios.ZellysCashFeature.PopulateZellysCashGalleries(String modelName, String[] exampleTags) in c:\Users\TMacBlane\Documents\DevelopmentProjects\PornCantina.UIAutomation\Scenarios\ZellysCash.feature:line 10
   at PornCantina.UIAutomation.Scenarios.ZellysCashFeature.PopulateZellysCashGalleries_MelissaXoXo() in C:\Users\TMacBlane\Documents\DevelopmentProjects\PornCantina.UIAutomation\Scenarios\ZellysCash.feature.cs:line 0
</StackTrace>
        </ErrorInfo>
      </Output>
    </UnitTestResult>
  </Results>
</TestRun>